Microsoft (R) Macro Assembler Version 14.00.24210.0	    04/15/26 15:43:37
resource_manager.asm					     Page 1 - 1


				; // ==================================
				; // resource_manager.asm
				; // ----------------------------------
				; // Responsible for loading and unloading large
				; // assets such as textures.
				; // ==================================
				INCLUDE default_header.inc
			      C .386
			      C .model flat, stdcall
			      C option casemap : none
			      C .stack 4096
			      C OPTION PROC : PRIVATE
			      C 
				INCLUDE heap_functions.inc
			      C ; // ==================================
			      C ; // heap_functions.inc
			      C ; // ----------------------------------
			      C ; // Functions used for dynamic memory management. This file was
			      C ; // added before we learned about heap memory management in class
			      C ; // so we could have easy memory management. My resource for this 
			      C ; // was the windows API reference and the class ch11 slides.
			      C ; // ==================================
			      C 
			      C IFNDEF HEAP_FUNCTIONS_INC
 = 00000001		      C HEAP_FUNCTIONS_INC EQU 1
			      C 
			      C ; // Constants
 = 00000008		      C HEAP_ZERO_MEMORY          equ 00000008h
 = 00000004		      C HEAP_GENERATE_EXCEPTIONS  equ 00000004h
 = 00000001		      C HEAP_NO_SERIALIZE         equ 00000001h
			      C 
 = 00000000		      C NULL   EQU 0
			      C 
			      C ; // Types
			      C HANDLE TYPEDEF DWORD
			      C 
			      C ; // Protos
			      C GetProcessHeap	PROTO
			      C HeapAlloc		PROTO,	hHeap:DWORD, dwFlags:DWORD, dwBytes:DWORD
			      C HeapFree		PROTO,	hHeap:DWORD, dwFlags:DWORD, lpMem:DWORD
			      C HeapReAlloc		PROTO,	hHeap:DWORD, dwFlags:DWORD, lpMem:DWORD,	dwBytes:DWORD
			      C VirtualAlloc	PROTO,	lpAddress:DWORD, dwSize:DWORD, flAllocationType:DWORD, flProtect:DWORD
			      C VirtualFree		PROTO,  lpAddress:DWORD, dwSize:DWORD, dwFreeType:DWORD
			      C 
			      C initialize_heap PROTO ; // This function is from heap_functions.asm. It gets the handle to the process heap and stores in hHeap
			      C 
			      C ; // Data
			      C EXTERNDEF hHeap:HANDLE ; // the heap handle is defined in heap_functions.asm
			      C 
			      C ENDIF
			      C 
				INCLUDE file_functions.inc
			      C ; // ==================================
			      C ; // file_functions.inc
			      C ; // ----------------------------------
			      C ; // Provides functionality for file IO.
			      C ; // ==================================
			      C 
			      C IFNDEF FILE_FUNCTIONS_INC 
 = 00000001		      C FILE_FUNCTIONS_INC EQU 1
			      C 
			      C ; // ********************************
			      C ; // Protos
			      C ; // ********************************
			      C ; // from learn.microsoft.com/en-us/windows/win32/api/fileapi/nf-fileapi-createfilea
			      C CreateFileA PROTO lpFileName:DWORD, dwDesiredAccess:DWORD, dwShareMode:DWORD, lpSecurityAttributes:DWORD, dwCreationDisposition:DWORD, dwFlagsAndAttributes:DWORD, hTemplateFile:DWORD
 = CreateFileA		      C CreateFile TEXTEQU <CreateFileA>
			      C 
			      C ; // from learn.microsoft.com/en-us/windows/win32/api/fileapi/nf-fileapi-readfile
			      C ReadFile PROTO hFile:DWORD, lpBuffer:DWORD, nNumberOfBytesToRead:DWORD, lpNumberOfBytesRead:DWORD, lpOverlapped:DWORD
			      C 
			      C ; // from learn.microsoft.com/en-us/windows/win32/api/handleapi/nf-handleapi-closehandle
			      C CloseHandle PROTO hObject:DWORD
			      C 
			      C ; // from learn.microsoft.com/en-us/windows/win32/api/fileapi/nf-fileapi-getfilesize
			      C GetFileSize PROTO hFile:DWORD, lpFileSizeHigh:DWORD
			      C 
			      C ; // ********************************
			      C ; // Constants
			      C ; // ********************************
 = 80000000		      C GENERIC_READ			= 80000000h
 = 00000003		      C OPEN_EXISTING			= 3
 = 00000080		      C FILE_ATTRIBUTE_NORMAL	= 80h
			      C 
			      C ENDIF
			      C 

 00000000			.code
				; // ----------------------------------
				; // read_line
				; // Reads the next line in the input and fills a buffer
				; //
				; // Input:
				; //	esi - Pointer to the start of the string
				; //	edi - Pointer to the start of the buffer
				; // Registered changed:
				; //	esi - Points at the next line
				; // ----------------------------------
 00000000			read_line PROC USES ebx ecx edx edi
 00000000  53		   *	    push   ebx
 00000001  51		   *	    push   ecx
 00000002  52		   *	    push   edx
 00000003  57		   *	    push   edi
					ret
 00000004  5F		   *	    pop    edi
 00000005  5A		   *	    pop    edx
 00000006  59		   *	    pop    ecx
 00000007  5B		   *	    pop    ebx
 00000008  C3		   *	    ret    00000h
 00000009			read_line ENDP

				; // ----------------------------------
				; // load_texture
				; // Takes in the name of a file and then loads that file into memory.
				; //
				; // Returns:
				; //	A pointer to the texture created
				; // ----------------------------------
 00000009			load_texture PROC USES ebx ecx edx esi edi, pFilename:DWORD
					local hFile		:DWORD
					local fileSize	:DWORD
					local pTempBuf	:DWORD
					local bytesRead	:DWORD

					; // Load the file into a temporary spot on the heap
 00000009  55		   *	    push   ebp
 0000000A  8B EC	   *	    mov    ebp, esp
 0000000C  83 C4 F0	   *	    add    esp, 0FFFFFFF0h
 0000000F  53		   *	    push   ebx
 00000010  51		   *	    push   ecx
 00000011  52		   *	    push   edx
 00000012  56		   *	    push   esi
 00000013  57		   *	    push   edi
					INVOKE CreateFile, pFilename, GENERIC_READ, 1, 0, OPEN_EXISTING, FILE_ATTRIBUTE_NORMAL, 0
 00000014  6A 00	   *	    push   +000000000h
 00000016  68 00000080	   *	    push   +000000080h
 0000001B  6A 03	   *	    push   +000000003h
 0000001D  6A 00	   *	    push   +000000000h
 0000001F  6A 01	   *	    push   +000000001h
 00000021  68 80000000	   *	    push   +080000000h
 00000026  FF 75 08	   *	    push   dword  ptr ss:[ebp]+000000008h
 00000029  E8 00000000 E   *	    call   CreateFileA
 0000002E  89 45 FC			mov hFile, eax

					INVOKE GetFileSize, hFile, 0
 00000031  6A 00	   *	    push   +000000000h
 00000033  FF 75 FC	   *	    push   dword  ptr ss:[ebp]+0FFFFFFFCh
 00000036  E8 00000000 E   *	    call   GetFileSize
 0000003B  89 45 F8			mov fileSize, eax
					INVOKE HeapAlloc, hHeap, HEAP_GENERATE_EXCEPTIONS, eax
 0000003E  50		   *	    push   eax
 0000003F  6A 04	   *	    push   +000000004h
 00000041  FF 35 00000000 E *	    push   hHeap
 00000047  E8 00000000 E   *	    call   HeapAlloc

					INVOKE ReadFile, hFile, pTempBuf, fileSize, ADDR bytesRead, 0
 0000004C  6A 00	   *	    push   +000000000h
 0000004E  8D 45 F0	   *	    lea    eax, dword  ptr ss:[ebp]+0FFFFFFF0h
 00000051  50		   *	    push   eax
 00000052  FF 75 F8	   *	    push   dword  ptr ss:[ebp]+0FFFFFFF8h
 00000055  FF 75 F4	   *	    push   dword  ptr ss:[ebp]+0FFFFFFF4h
 00000058  FF 75 FC	   *	    push   dword  ptr ss:[ebp]+0FFFFFFFCh
 0000005B  E8 00000000 E   *	    call   ReadFile
				    INVOKE CloseHandle, hFile
 00000060  FF 75 FC	   *	    push   dword  ptr ss:[ebp]+0FFFFFFFCh
 00000063  E8 00000000 E   *	    call   CloseHandle

					; // Next, parse the .PAM header
					; // More info about .PAM files can be found at netpbm.sourceforge.net/doc/pam.html

					ret
 00000068  5F		   *	    pop    edi
 00000069  5E		   *	    pop    esi
 0000006A  5A		   *	    pop    edx
 0000006B  59		   *	    pop    ecx
 0000006C  5B		   *	    pop    ebx
 0000006D  C9		   *	    leave  
 0000006E  C2 0004	   *	    ret    00004h
 00000071			load_texture ENDP

				; // ----------------------------------
				; // unload_texture
				; // Takes a pointer to the texture to unload and destorys it.
				; // ----------------------------------
 00000071			unload_texture PROC, pTexture:DWORD
 00000071  55		   *	    push   ebp
 00000072  8B EC	   *	    mov    ebp, esp
 00000074  8B 45 08			mov eax, pTexture
					ret
 00000077  C9		   *	    leave  
 00000078  C2 0004	   *	    ret    00004h
 0000007B			unload_texture ENDP

				END
Microsoft (R) Macro Assembler Version 14.00.24210.0	    04/15/26 15:43:37
resource_manager.asm					     Symbols 2 - 1




Types:

                N a m e                  Size     Attr

HANDLE . . . . . . . . . . . . .	 00000004     DWord


Segments and Groups:

                N a m e                 Size     Length   Align   Combine Class

FLAT . . . . . . . . . . . . . .	GROUP
STACK  . . . . . . . . . . . . .	32 Bit	 00001000 DWord	  Stack	  'STACK'	 
_DATA  . . . . . . . . . . . . .	32 Bit	 00000000 DWord	  Public  'DATA'	
_TEXT  . . . . . . . . . . . . .	32 Bit	 0000007B DWord	  Public  'CODE'	


Procedures, parameters, and locals:

                N a m e                 Type     Value    Attr

CloseHandle  . . . . . . . . . .	P Near	 00000000 FLAT	Length= 00000000 External STDCALL
CreateFileA  . . . . . . . . . .	P Near	 00000000 FLAT	Length= 00000000 External STDCALL
GetFileSize  . . . . . . . . . .	P Near	 00000000 FLAT	Length= 00000000 External STDCALL
GetProcessHeap . . . . . . . . .	P Near	 00000000 FLAT	Length= 00000000 External STDCALL
HeapAlloc  . . . . . . . . . . .	P Near	 00000000 FLAT	Length= 00000000 External STDCALL
HeapFree . . . . . . . . . . . .	P Near	 00000000 FLAT	Length= 00000000 External STDCALL
HeapReAlloc  . . . . . . . . . .	P Near	 00000000 FLAT	Length= 00000000 External STDCALL
ReadFile . . . . . . . . . . . .	P Near	 00000000 FLAT	Length= 00000000 External STDCALL
VirtualAlloc . . . . . . . . . .	P Near	 00000000 FLAT	Length= 00000000 External STDCALL
VirtualFree  . . . . . . . . . .	P Near	 00000000 FLAT	Length= 00000000 External STDCALL
initialize_heap  . . . . . . . .	P Near	 00000000 FLAT	Length= 00000000 External STDCALL
load_texture . . . . . . . . . .	P Near	 00000009 _TEXT	Length= 00000068 Private STDCALL
  pFilename  . . . . . . . . . .	DWord	 bp + 00000008
  hFile  . . . . . . . . . . . .	DWord	 bp - 00000004
  fileSize . . . . . . . . . . .	DWord	 bp - 00000008
  pTempBuf . . . . . . . . . . .	DWord	 bp - 0000000C
  bytesRead  . . . . . . . . . .	DWord	 bp - 00000010
read_line  . . . . . . . . . . .	P Near	 00000000 _TEXT	Length= 00000009 Private STDCALL
unload_texture . . . . . . . . .	P Near	 00000071 _TEXT	Length= 0000000A Private STDCALL
  pTexture . . . . . . . . . . .	DWord	 bp + 00000008


Symbols:

                N a m e                 Type     Value    Attr

@CodeSize  . . . . . . . . . . .	Number	 00000000h   
@DataSize  . . . . . . . . . . .	Number	 00000000h   
@Interface . . . . . . . . . . .	Number	 00000003h   
@Model . . . . . . . . . . . . .	Number	 00000007h   
@code  . . . . . . . . . . . . .	Text   	 _TEXT
@data  . . . . . . . . . . . . .	Text   	 FLAT
@fardata?  . . . . . . . . . . .	Text   	 FLAT
@fardata . . . . . . . . . . . .	Text   	 FLAT
@stack . . . . . . . . . . . . .	Text   	 FLAT
CreateFile . . . . . . . . . . .	Text   	 CreateFileA
FILE_ATTRIBUTE_NORMAL  . . . . .	Number	 00000080h   
FILE_FUNCTIONS_INC . . . . . . .	Number	 00000001h   
GENERIC_READ . . . . . . . . . .	Number	 -80000000h   
HEAP_FUNCTIONS_INC . . . . . . .	Number	 00000001h   
HEAP_GENERATE_EXCEPTIONS . . . .	Number	 00000004h   
HEAP_NO_SERIALIZE  . . . . . . .	Number	 00000001h   
HEAP_ZERO_MEMORY . . . . . . . .	Number	 00000008h   
NULL . . . . . . . . . . . . . .	Number	 00000000h   
OPEN_EXISTING  . . . . . . . . .	Number	 00000003h   
hHeap  . . . . . . . . . . . . .	DWord	 00000000 FLAT	External STDCALL

	   0 Warnings
	   0 Errors
